modules/expo-lock-overlay/android/build/intermediates/manifest_merge_blame_file/release/processReleaseManifest/manifest-merger-blame-release-report.txt
1<?xml version="1.0" encoding="utf-8"?>
2<manifest xmlns:android="http://schemas.android.com/apk/res/android"
3    package="expo.modules.lockoverlay" >
4
5    <uses-sdk android:minSdkVersion="26" />
6
7    <uses-permission android:name="android.permission.SYSTEM_ALERT_WINDOW" />
7-->src/main/AndroidManifest.xml:3:3-75
7-->src/main/AndroidManifest.xml:3:20-73
8
9    <application>
9-->src/main/AndroidManifest.xml:5:3-9:17
10        <service
10-->src/main/AndroidManifest.xml:6:5-8:34
11            android:name="expo.modules.lockoverlay.OverlayService"
11-->src/main/AndroidManifest.xml:7:7-61
12            android:exported="false" />
12-->src/main/AndroidManifest.xml:8:7-31
13    </application>
14
15</manifest>